[debug] [2020-06-04T16:54:26.265Z] ----------------------------------------------------------------------
[debug] [2020-06-04T16:54:26.267Z] Command:       C:\Program Files\nodejs\node.exe C:\Users\natsu\AppData\Roaming\npm\node_modules\firebase-tools\lib\bin\firebase.js serve
[debug] [2020-06-04T16:54:26.267Z] CLI Version:   8.4.1
[debug] [2020-06-04T16:54:26.267Z] Platform:      win32
[debug] [2020-06-04T16:54:26.267Z] Node Version:  v12.16.2
[debug] [2020-06-04T16:54:26.268Z] Time:          Thu Jun 04 2020 13:54:26 GMT-0300 (GMT-03:00)
[debug] [2020-06-04T16:54:26.268Z] ----------------------------------------------------------------------
[debug] [2020-06-04T16:54:26.268Z] 
[debug] [2020-06-04T16:54:26.276Z] > command requires scopes: ["email","openid","https://www.googleapis.com/auth/cloudplatformprojects.readonly","https://www.googleapis.com/auth/firebase","https://www.googleapis.com/auth/cloud-platform"]
[debug] [2020-06-04T16:54:26.277Z] > authorizing via signed-in user
[debug] [2020-06-04T16:54:26.277Z] [iam] checking project social-network-2b0a2 for permissions ["firebase.projects.get"]
[debug] [2020-06-04T16:54:26.280Z] >>> HTTP REQUEST POST https://cloudresourcemanager.googleapis.com/v1/projects/social-network-2b0a2:testIamPermissions  
 {"permissions":["firebase.projects.get"]}
[debug] [2020-06-04T16:54:27.250Z] <<< HTTP RESPONSE 200 {"content-type":"application/json; charset=UTF-8","vary":"X-Origin, Referer, Origin,Accept-Encoding","date":"Thu, 04 Jun 2020 16:54:26 GMT","server":"ESF","cache-control":"private","x-xss-protection":"0","x-frame-options":"SAMEORIGIN","x-content-type-options":"nosniff","server-timing":"gfet4t7; dur=752","alt-svc":"h3-27=\":443\"; ma=2592000,h3-25=\":443\"; ma=2592000,h3-T050=\":443\"; ma=2592000,h3-Q050=\":443\"; ma=2592000,h3-Q049=\":443\"; ma=2592000,h3-Q048=\":443\"; ma=2592000,h3-Q046=\":443\"; ma=2592000,h3-Q043=\":443\"; ma=2592000,quic=\":443\"; ma=2592000; v=\"46,43\"","accept-ranges":"none","transfer-encoding":"chunked"}
[debug] [2020-06-04T16:54:27.254Z] >>> HTTP REQUEST GET https://firebase.googleapis.com/v1beta1/projects/social-network-2b0a2  
 
[debug] [2020-06-04T16:54:27.789Z] <<< HTTP RESPONSE 200 {"content-type":"application/json; charset=UTF-8","vary":"X-Origin, Referer, Origin,Accept-Encoding","date":"Thu, 04 Jun 2020 16:54:27 GMT","server":"ESF","cache-control":"private","x-xss-protection":"0","x-frame-options":"SAMEORIGIN","x-content-type-options":"nosniff","alt-svc":"h3-27=\":443\"; ma=2592000,h3-25=\":443\"; ma=2592000,h3-T050=\":443\"; ma=2592000,h3-Q050=\":443\"; ma=2592000,h3-Q049=\":443\"; ma=2592000,h3-Q048=\":443\"; ma=2592000,h3-Q046=\":443\"; ma=2592000,h3-Q043=\":443\"; ma=2592000,quic=\":443\"; ma=2592000; v=\"46,43\"","accept-ranges":"none","transfer-encoding":"chunked"}
[info] 
[info] === Serving from 'C:\Users\natsu\Documents\Laboratoria\Projetos\SAP004-social-network'...
[info] 
[debug] [2020-06-04T16:54:27.793Z] >>> HTTP REQUEST GET https://firebase.googleapis.com/v1beta1/projects/social-network-2b0a2/webApps/-/config  
 
[debug] [2020-06-04T16:54:28.331Z] <<< HTTP RESPONSE 200 {"content-type":"application/json; charset=UTF-8","vary":"X-Origin, Referer, Origin,Accept-Encoding","date":"Thu, 04 Jun 2020 16:54:27 GMT","server":"ESF","cache-control":"private","x-xss-protection":"0","x-frame-options":"SAMEORIGIN","x-content-type-options":"nosniff","alt-svc":"h3-27=\":443\"; ma=2592000,h3-25=\":443\"; ma=2592000,h3-T050=\":443\"; ma=2592000,h3-Q050=\":443\"; ma=2592000,h3-Q049=\":443\"; ma=2592000,h3-Q048=\":443\"; ma=2592000,h3-Q046=\":443\"; ma=2592000,h3-Q043=\":443\"; ma=2592000,quic=\":443\"; ma=2592000; v=\"46,43\"","accept-ranges":"none","transfer-encoding":"chunked"}
[info] i  hosting: Serving hosting files from: public {"metadata":{"emulator":{"name":"hosting"},"message":"Serving hosting files from: \u001b[1mpublic\u001b[22m"}}
[info] +  hosting: Local server: http://localhost:5000 {"metadata":{"emulator":{"name":"hosting"},"message":"Local server: \u001b[4m\u001b[1mhttp://localhost:5000\u001b[22m\u001b[24m"}}
